<?xml version="1.0" encoding="UTF-8"?>
<!-- Generated by org.testng.reporters.JUnitReportReporter -->
<testsuite hostname="DESKTOP-RCO2A0I" name="Framework_Testng_BeforeTest_and_AfterTest.Test_for_chrome" tests="1" failures="0" timestamp="30 Jul 2019 03:43:16 GMT" time="0.002" errors="0">
  <testcase name="login" time="0.002" classname="Framework_Testng_BeforeTest_and_AfterTest.Test_for_chrome"/>
</testsuite> <!-- Framework_Testng_BeforeTest_and_AfterTest.Test_for_chrome -->
