<?xml version="1.0" encoding="UTF-8"?>
<!-- Generated by org.testng.reporters.JUnitReportReporter -->
<testsuite hostname="DESKTOP-RCO2A0I" name="Framework_Testng_BeforeTest_and_AfterTest.TestSuite1" tests="6" failures="0" timestamp="30 Jul 2019 03:43:16 GMT" time="0.032" errors="0">
  <testcase name="tc002" time="0.003" classname="Framework_Testng_BeforeTest_and_AfterTest.TestSuite1"/>
  <testcase name="tc003" time="0.002" classname="Framework_Testng_BeforeTest_and_AfterTest.TestSuite1"/>
  <testcase name="tc002" time="0.001" classname="Framework_Testng_BeforeTest_and_AfterTest.TestSuite1"/>
  <testcase name="tc001" time="0.023" classname="Framework_Testng_BeforeTest_and_AfterTest.TestSuite1"/>
  <testcase name="tc001" time="0.001" classname="Framework_Testng_BeforeTest_and_AfterTest.TestSuite1"/>
  <testcase name="tc003" time="0.002" classname="Framework_Testng_BeforeTest_and_AfterTest.TestSuite1"/>
</testsuite> <!-- Framework_Testng_BeforeTest_and_AfterTest.TestSuite1 -->
